squareprogressbar/build/intermediates/manifest_merge_blame_file/release/manifest-merger-blame-release-report.txt
1<?xml version="1.0" encoding="utf-8"?>
2<manifest xmlns:android="http://schemas.android.com/apk/res/android"
3    package="ch.halcyon.squareprogressbar"
4    android:versionCode="14"
5    android:versionName="1.6.4" >
6
7    <uses-sdk
8        android:minSdkVersion="14"
8-->Video-Status-Binding-2\squareprogressbar\AndroidManifest.xml
9        android:targetSdkVersion="30" />
9-->Video-Status-Binding-2\squareprogressbar\AndroidManifest.xml
10
11    <application
11-->Video-Status-Binding-2\squareprogressbar\AndroidManifest.xml:6:5-8:56
12        android:allowBackup="true"
12-->Video-Status-Binding-2\squareprogressbar\AndroidManifest.xml:7:9-35
13        android:label="@string/app_name" />
13-->Video-Status-Binding-2\squareprogressbar\AndroidManifest.xml:8:9-41
14
15</manifest>